PLINK v1.90b2p 64-bit (18 Jun 2014)
5 arguments: --cluster --file toy --read-genome plink.genome
Hostname: pc-ikizema
Working directory: /home/ikizema/DEV/MGL804/PLINK/MGL804-PLINK1.9/DATA
Start time: Wed May 20 19:47:23 2015

Random number seed: 1432165643
15977 MB RAM detected; reserving 7988 MB for main workspace.
Scanning .ped file... done.
Performing single-pass .bed write (2 variants, 2 people).
--file: plink-temporary.bed + plink-temporary.bim + plink-temporary.fam
written.
2 variants loaded from .bim file.
2 people (2 males, 0 females) loaded from .fam.
2 phenotype values loaded from .fam.
Using 1 thread (no multithreaded calculations invoked).
Calculating allele frequencies... done.
Total genotyping rate is 0.75.
2 variants and 2 people pass filters and QC.
Among remaining phenotypes, 1 is a case and 1 is a control.
Clustering... done.
Cluster solution written to plink.cluster1 , plink.cluster2 , and
plink.cluster3 .

End time: Wed May 20 19:47:23 2015
