PLINK v1.90b2p 64-bit (18 Jun 2014)
5 arguments: --file toy --genome --out toy
Hostname: pc-ikizema
Working directory: /home/ikizema/Téléchargements/plink2_v1/DATA
Start time: Thu May 14 12:20:56 2015

Random number seed: 1431620456
15977 MB RAM detected; reserving 7988 MB for main workspace.
Scanning .ped file... done.
Performing single-pass .bed write (2 variants, 2 people).
--file: toy-temporary.bed + toy-temporary.bim + toy-temporary.fam written.
2 variants loaded from .bim file.
2 people (2 males, 0 females) loaded from .fam.
2 phenotype values loaded from .fam.
Using up to 4 threads (change this with --threads).
Calculating allele frequencies... done.
Total genotyping rate is 0.75.
2 variants and 2 people pass filters and QC.
Among remaining phenotypes, 1 is a case and 1 is a control.
IBD calculations complete.
Finished writing toy.genome .

End time: Thu May 14 12:20:56 2015
